<?xml version="1.0" encoding="UTF-8"?>
<testng-results skipped="0" failed="0" ignored="0" total="0" passed="0">
  <reporter-output>
  </reporter-output>
  <suite name="com.athena.frametest.pages.AppTest" duration-ms="4" started-at="2017-08-07T09:54:32Z" finished-at="2017-08-07T09:54:32Z">
    <groups>
    </groups>
    <test name="Command line test" duration-ms="4" started-at="2017-08-07T09:54:32Z" finished-at="2017-08-07T09:54:32Z">
    </test> <!-- Command line test -->
  </suite> <!-- com.athena.frametest.pages.AppTest -->
</testng-results>
