<?xml version="1.0" encoding="UTF-8"?>
<testng-results skipped="0" failed="1" ignored="0" total="1" passed="0">
  <reporter-output>
  </reporter-output>
  <suite name="Default suite" duration-ms="10747" started-at="2017-08-22T12:45:03Z" finished-at="2017-08-22T12:45:13Z">
    <groups>
    </groups>
    <test name="Default test" duration-ms="10747" started-at="2017-08-22T12:45:03Z" finished-at="2017-08-22T12:45:13Z">
      <class name="com.athena.cybertron.tests.CartTest">
        <test-method status="PASS" signature="startReport()[pri:0, instance:com.athena.cybertron.tests.CartTest@5702b3b1]" name="startReport" is-config="true" duration-ms="266" started-at="2017-08-22T18:15:02Z" finished-at="2017-08-22T18:15:03Z">
          <reporter-output>
          </reporter-output>
        </test-method> <!-- startReport -->
        <test-method status="PASS" signature="login()[pri:0, instance:com.athena.cybertron.tests.CartTest@5702b3b1]" name="login" is-config="true" duration-ms="9017" started-at="2017-08-22T18:15:03Z" finished-at="2017-08-22T18:15:12Z">
          <reporter-output>
          </reporter-output>
        </test-method> <!-- login -->
        <test-method status="FAIL" signature="testCase(java.lang.String, java.lang.String)[pri:0, instance:com.athena.cybertron.tests.CartTest@5702b3b1]" name="testCase" duration-ms="195" started-at="2017-08-22T18:15:12Z" data-provider="xlData" finished-at="2017-08-22T18:15:13Z">
          <params>
            <param index="0">
              <value>
                <![CDATA[8667058239]]>
              </value>
            </param>
            <param index="1">
              <value>
                <![CDATA[facebook@123]]>
              </value>
            </param>
          </params>
          <exception class="java.lang.NullPointerException">
            <full-stacktrace>
              <![CDATA[java.lang.NullPointerException
	at com.athena.cybertron.utils.Reporter.reportStep(Reporter.java:38)
	at com.athena.cybertron.wrappers.CommonMethods.enterById(CommonMethods.java:144)
	at com.athena.cybertron.pages.HomePage.login(HomePage.java:17)
	at com.athena.cybertron.tests.CartTest.testCase(CartTest.java:14)
	at sun.reflect.NativeMethodAccessorImpl.invoke0(Native Method)
	at sun.reflect.NativeMethodAccessorImpl.invoke(NativeMethodAccessorImpl.java:62)
	at sun.reflect.DelegatingMethodAccessorImpl.invoke(DelegatingMethodAccessorImpl.java:43)
	at java.lang.reflect.Method.invoke(Method.java:498)
	at org.testng.internal.MethodInvocationHelper.invokeMethod(MethodInvocationHelper.java:104)
	at org.testng.internal.Invoker.invokeMethod(Invoker.java:645)
	at org.testng.internal.Invoker.invokeTestMethod(Invoker.java:851)
	at org.testng.internal.Invoker.invokeTestMethods(Invoker.java:1177)
	at org.testng.internal.TestMethodWorker.invokeTestMethods(TestMethodWorker.java:129)
	at org.testng.internal.TestMethodWorker.run(TestMethodWorker.java:112)
	at org.testng.TestRunner.privateRun(TestRunner.java:756)
	at org.testng.TestRunner.run(TestRunner.java:610)
	at org.testng.SuiteRunner.runTest(SuiteRunner.java:387)
	at org.testng.SuiteRunner.runSequentially(SuiteRunner.java:382)
	at org.testng.SuiteRunner.privateRun(SuiteRunner.java:340)
	at org.testng.SuiteRunner.run(SuiteRunner.java:289)
	at org.testng.SuiteRunnerWorker.runSuite(SuiteRunnerWorker.java:52)
	at org.testng.SuiteRunnerWorker.run(SuiteRunnerWorker.java:86)
	at org.testng.TestNG.runSuitesSequentially(TestNG.java:1293)
	at org.testng.TestNG.runSuitesLocally(TestNG.java:1218)
	at org.testng.TestNG.runSuites(TestNG.java:1133)
	at org.testng.TestNG.run(TestNG.java:1104)
	at org.testng.remote.AbstractRemoteTestNG.run(AbstractRemoteTestNG.java:132)
	at org.testng.remote.RemoteTestNG.initAndRun(RemoteTestNG.java:230)
	at org.testng.remote.RemoteTestNG.main(RemoteTestNG.java:76)
]]>
            </full-stacktrace>
          </exception> <!-- java.lang.NullPointerException -->
          <reporter-output>
          </reporter-output>
        </test-method> <!-- testCase -->
        <test-method status="PASS" signature="logout()[pri:0, instance:com.athena.cybertron.tests.CartTest@5702b3b1]" name="logout" is-config="true" duration-ms="984" started-at="2017-08-22T18:15:13Z" finished-at="2017-08-22T18:15:13Z">
          <reporter-output>
          </reporter-output>
        </test-method> <!-- logout -->
        <test-method status="PASS" signature="quit()[pri:0, instance:com.athena.cybertron.tests.CartTest@5702b3b1]" name="quit" is-config="true" duration-ms="1" started-at="2017-08-22T18:15:13Z" finished-at="2017-08-22T18:15:13Z">
          <reporter-output>
          </reporter-output>
        </test-method> <!-- quit -->
        <test-method status="PASS" signature="endReport()[pri:0, instance:com.athena.cybertron.tests.CartTest@5702b3b1]" name="endReport" is-config="true" duration-ms="292" started-at="2017-08-22T18:15:14Z" finished-at="2017-08-22T18:15:14Z">
          <reporter-output>
          </reporter-output>
        </test-method> <!-- endReport -->
      </class> <!-- com.athena.cybertron.tests.CartTest -->
    </test> <!-- Default test -->
  </suite> <!-- Default suite -->
</testng-results>
