<?xml version="1.0" encoding="UTF-8"?>
<testng-results skipped="0" failed="0" ignored="0" total="2" passed="2">
  <reporter-output>
  </reporter-output>
  <suite name="Suite" duration-ms="35105" started-at="2017-08-22T13:18:17Z" finished-at="2017-08-22T13:18:52Z">
    <groups>
    </groups>
    <test name="Test" duration-ms="35105" started-at="2017-08-22T13:18:17Z" finished-at="2017-08-22T13:18:52Z">
      <class name="com.athena.cybertron.tests.CartTest">
        <test-method status="PASS" signature="startReport()[pri:0, instance:com.athena.cybertron.tests.CartTest@25bbe1b6]" name="startReport" is-config="true" duration-ms="274" started-at="2017-08-22T18:48:17Z" finished-at="2017-08-22T18:48:17Z">
          <reporter-output>
          </reporter-output>
        </test-method> <!-- startReport -->
        <test-method status="PASS" signature="login()[pri:0, instance:com.athena.cybertron.tests.CartTest@25bbe1b6]" name="login" is-config="true" duration-ms="14244" started-at="2017-08-22T18:48:18Z" finished-at="2017-08-22T18:48:32Z">
          <reporter-output>
          </reporter-output>
        </test-method> <!-- login -->
        <test-method status="PASS" signature="testCase(java.lang.String, java.lang.String)[pri:0, instance:com.athena.cybertron.tests.CartTest@25bbe1b6]" name="testCase" duration-ms="7343" started-at="2017-08-22T18:48:32Z" data-provider="xlData" finished-at="2017-08-22T18:48:39Z">
          <params>
            <param index="0">
              <value>
                <![CDATA[8667058239]]>
              </value>
            </param>
            <param index="1">
              <value>
                <![CDATA[facebook@123]]>
              </value>
            </param>
          </params>
          <reporter-output>
          </reporter-output>
        </test-method> <!-- testCase -->
        <test-method status="PASS" signature="logout()[pri:0, instance:com.athena.cybertron.tests.CartTest@25bbe1b6]" name="logout" is-config="true" duration-ms="912" started-at="2017-08-22T18:48:39Z" finished-at="2017-08-22T18:48:40Z">
          <reporter-output>
          </reporter-output>
        </test-method> <!-- logout -->
        <test-method status="PASS" signature="login()[pri:0, instance:com.athena.cybertron.tests.CartTest@25bbe1b6]" name="login" is-config="true" duration-ms="8931" started-at="2017-08-22T18:48:40Z" finished-at="2017-08-22T18:48:49Z">
          <reporter-output>
          </reporter-output>
        </test-method> <!-- login -->
        <test-method status="PASS" signature="testCase(java.lang.String, java.lang.String)[pri:0, instance:com.athena.cybertron.tests.CartTest@25bbe1b6]" name="testCase" duration-ms="2287" started-at="2017-08-22T18:48:49Z" data-provider="xlData" finished-at="2017-08-22T18:48:51Z">
          <params>
            <param index="0">
              <value>
                <![CDATA[324792379]]>
              </value>
            </param>
            <param index="1">
              <value>
                <![CDATA[askdfhs]]>
              </value>
            </param>
          </params>
          <reporter-output>
          </reporter-output>
        </test-method> <!-- testCase -->
        <test-method status="PASS" signature="logout()[pri:0, instance:com.athena.cybertron.tests.CartTest@25bbe1b6]" name="logout" is-config="true" duration-ms="828" started-at="2017-08-22T18:48:51Z" finished-at="2017-08-22T18:48:52Z">
          <reporter-output>
          </reporter-output>
        </test-method> <!-- logout -->
        <test-method status="PASS" signature="endReport()[pri:0, instance:com.athena.cybertron.tests.CartTest@25bbe1b6]" name="endReport" is-config="true" duration-ms="266" started-at="2017-08-22T18:48:52Z" finished-at="2017-08-22T18:48:52Z">
          <reporter-output>
          </reporter-output>
        </test-method> <!-- endReport -->
      </class> <!-- com.athena.cybertron.tests.CartTest -->
    </test> <!-- Test -->
  </suite> <!-- Suite -->
</testng-results>
