<?xml version="1.0" encoding="UTF-8"?>
<!-- Generated by org.testng.reporters.JUnitXMLReporter -->
<testsuite hostname="DJAGADISH-T450" ignored="0" name="Test" tests="1" failures="1" timestamp="22 Aug 2017 13:09:05 GMT" time="11.098" errors="0">
  <testcase name="testCase" time="0.246" classname="com.athena.cybertron.tests.CartTest">
    <failure type="java.lang.NullPointerException">
      <![CDATA[java.lang.NullPointerException
	at com.athena.cybertron.utils.Reporter.reportStep(Reporter.java:38)
	at com.athena.cybertron.wrappers.CommonMethods.enterById(CommonMethods.java:144)
	at com.athena.cybertron.pages.HomePage.login(HomePage.java:17)
	at com.athena.cybertron.tests.CartTest.testCase(CartTest.java:14)
... Removed 25 stack frames]]>
    </failure>
  </testcase> <!-- testCase -->
</testsuite> <!-- Test -->
