<?xml version="1.0" encoding="UTF-8"?>
<!-- Generated by org.testng.reporters.JUnitXMLReporter -->
<testsuite hostname="VDEVISHRI-T440" ignored="2" name="Test" tests="2" failures="0" timestamp="29 Aug 2017 12:08:50 GMT" time="26.298" errors="0">
  <testcase name="login on [LoginTest passed=0 failed=0 skipped=0]" time="4.85" classname="com.athena.cybertron.tests.LoginTest"/>
  <testcase name="Invalidlogin on [InvalidLoginTest passed=0 failed=0 skipped=0]" time="2.786" classname="com.athena.cybertron.tests.InvalidLoginTest"/>
  <testcase name="@BeforeSuite startReport" time="0.0" classname="com.athena.cybertron.utils.Reporter">
    <ignored/>
  </testcase> <!-- @BeforeSuite startReport -->
  <testcase name="@AfterSuite endReport" time="0.0" classname="com.athena.cybertron.utils.Reporter">
    <ignored/>
  </testcase> <!-- @AfterSuite endReport -->
</testsuite> <!-- Test -->
